This file contains any messages produced by compilers while
running configure, to aid debugging if configure makes a mistake.

It was created by configure, which was
generated by GNU Autoconf 2.53.  Invocation command line was

  $ ./configure --prefix /usr/local --no-create --no-recursion

## --------- ##
## Platform. ##
## --------- ##

hostname = ox
uname -m = i686
uname -r = 2.4.20-LL
uname -s = Linux
uname -v = #3 Tue Apr 29 14:11:15 CEST 2003

/usr/bin/uname -p = unknown
/bin/uname -X     = unknown

/bin/arch              = i686
/usr/bin/arch -k       = unknown
/usr/convex/getsysinfo = unknown
hostinfo               = unknown
/bin/machine           = unknown
/usr/bin/oslevel       = unknown
/bin/universe          = unknown

PATH: /usr/local/bin
PATH: /usr/bin
PATH: /bin
PATH: /usr/X11R6/bin
PATH: /usr/local/java/bin
PATH: /usr/local/tmake/bin
PATH: /usr/local/kde/bin
PATH: /home/ppalmers/bin
PATH: /usr/local/java
PATH: /usr/local/java1/bin
PATH: /usr/local/tmake/bin
PATH: /usr/local/kde/bin


## ----------- ##
## Core tests. ##
## ----------- ##

configure:1422: checking build system type
configure:1440: result: i686-pc-linux-gnu
configure:1448: checking host system type
configure:1462: result: i686-pc-linux-gnu
configure:1470: checking target system type
configure:1484: result: i686-pc-linux-gnu
configure:1530: checking for a BSD-compatible install
configure:1584: result: /usr/bin/install -c
configure:1599: checking for -p flag to install
configure:1612: result: yes
configure:1623: checking whether build environment is sane
configure:1666: result: yes
configure:1686: checking for gawk
configure:1702: found /usr/bin/gawk
configure:1712: result: gawk
configure:1722: checking whether make sets ${MAKE}
configure:1742: result: yes
configure:1945: checking for style of include used by make
configure:1973: result: GNU
configure:2120: checking for gcc
configure:2136: found /usr/bin/gcc
configure:2146: result: gcc
configure:2390: checking for C compiler version
configure:2393: gcc --version </dev/null >&5
gcc (GCC) 3.2 20020903 (Red Hat Linux 8.0 3.2-7)
Copyright (C) 2002 Free Software Foundation, Inc.
This is free software; see the source for copying conditions.  There is NO
warranty; not even for MERCHANTABILITY or FITNESS FOR A PARTICULAR PURPOSE.

configure:2396: $? = 0
configure:2398: gcc -v </dev/null >&5
Reading specs from /usr/lib/gcc-lib/i386-redhat-linux/3.2/specs
Configured with: ../configure --prefix=/usr --mandir=/usr/share/man --infodir=/usr/share/info --enable-shared --enable-threads=posix --disable-checking --host=i386-redhat-linux --with-system-zlib --enable-__cxa_atexit
Thread model: posix
gcc version 3.2 20020903 (Red Hat Linux 8.0 3.2-7)
configure:2401: $? = 0
configure:2403: gcc -V </dev/null >&5
gcc: argument to `-V' is missing
configure:2406: $? = 1
configure:2432: checking for C compiler default output
configure:2435: gcc     conftest.c  >&5
configure:2438: $? = 0
configure:2471: result: a.out
configure:2476: checking whether the C compiler works
configure:2482: ./a.out
configure:2485: $? = 0
configure:2500: result: yes
configure:2507: checking whether we are cross compiling
configure:2509: result: no
configure:2512: checking for suffix of executables
configure:2514: gcc -o conftest     conftest.c  >&5
configure:2517: $? = 0
configure:2539: result: 
configure:2545: checking for suffix of object files
configure:2569: gcc -c    conftest.c >&5
configure:2572: $? = 0
configure:2591: result: o
configure:2595: checking whether we are using the GNU C compiler
configure:2622: gcc -c    conftest.c >&5
configure:2625: $? = 0
configure:2628: test -s conftest.o
configure:2631: $? = 0
configure:2643: result: yes
configure:2649: checking whether gcc accepts -g
configure:2673: gcc -c -g  conftest.c >&5
configure:2676: $? = 0
configure:2679: test -s conftest.o
configure:2682: $? = 0
configure:2692: result: yes
configure:2719: gcc -c    conftest.c >&5
conftest.c:2: parse error before "me"
configure:2722: $? = 1
configure: failed program was:
#ifndef __cplusplus
  choke me
#endif
configure:2834: checking dependency style of gcc
configure:2896: result: gcc3
configure:2907: checking how to run the C preprocessor
configure:2933: gcc -E  conftest.c
configure:2939: $? = 0
configure:2966: gcc -E  conftest.c
configure:2962:28: ac_nonexistent.h: No such file or directory
configure:2972: $? = 1
configure: failed program was:
#line 2961 "configure"
#include "confdefs.h"
#include <ac_nonexistent.h>
configure:3009: result: gcc -E
configure:3024: gcc -E  conftest.c
configure:3030: $? = 0
configure:3057: gcc -E  conftest.c
configure:3053:28: ac_nonexistent.h: No such file or directory
configure:3063: $? = 1
configure: failed program was:
#line 3052 "configure"
#include "confdefs.h"
#include <ac_nonexistent.h>
configure:3183: checking for g++
configure:3199: found /usr/bin/g++
configure:3209: result: g++
configure:3225: checking for C++ compiler version
configure:3228: g++ --version </dev/null >&5
g++ (GCC) 3.2 20020903 (Red Hat Linux 8.0 3.2-7)
Copyright (C) 2002 Free Software Foundation, Inc.
This is free software; see the source for copying conditions.  There is NO
warranty; not even for MERCHANTABILITY or FITNESS FOR A PARTICULAR PURPOSE.

configure:3231: $? = 0
configure:3233: g++ -v </dev/null >&5
Reading specs from /usr/lib/gcc-lib/i386-redhat-linux/3.2/specs
Configured with: ../configure --prefix=/usr --mandir=/usr/share/man --infodir=/usr/share/info --enable-shared --enable-threads=posix --disable-checking --host=i386-redhat-linux --with-system-zlib --enable-__cxa_atexit
Thread model: posix
gcc version 3.2 20020903 (Red Hat Linux 8.0 3.2-7)
configure:3236: $? = 0
configure:3238: g++ -V </dev/null >&5
g++: argument to `-V' missing

configure:3241: $? = 1
configure:3244: checking whether we are using the GNU C++ compiler
configure:3271: g++ -c    conftest.cc >&5
configure:3274: $? = 0
configure:3277: test -s conftest.o
configure:3280: $? = 0
configure:3292: result: yes
configure:3298: checking whether g++ accepts -g
configure:3322: g++ -c -g  conftest.cc >&5
configure:3325: $? = 0
configure:3328: test -s conftest.o
configure:3331: $? = 0
configure:3341: result: yes
configure:3387: g++ -c    conftest.cc >&5
configure:3390: $? = 0
configure:3393: test -s conftest.o
configure:3396: $? = 0
configure:3424: g++ -c    conftest.cc >&5
configure: In function `int main()':
configure:3416: `exit' undeclared (first use this function)
configure:3416: (Each undeclared identifier is reported only once for each 
   function it appears in.)
configure:3427: $? = 1
configure: failed program was:
#line 3405 "configure"
#include "confdefs.h"

#ifdef F77_DUMMY_MAIN
#  ifdef __cplusplus
     extern "C"
#  endif
   int F77_DUMMY_MAIN() { return 1; }
#endif
int
main ()
{
exit (42);
  ;
  return 0;
}
configure:3387: g++ -c    conftest.cc >&5
configure:3390: $? = 0
configure:3393: test -s conftest.o
configure:3396: $? = 0
configure:3424: g++ -c    conftest.cc >&5
configure:3427: $? = 0
configure:3430: test -s conftest.o
configure:3433: $? = 0
configure:3457: checking dependency style of g++
configure:3519: result: gcc3
configure:3806: checking whether g++ supports -Wundef
configure:3845: rm -rf SunWS_cache; g++ -o conftest -Wall -pedantic -W -Wpointer-arith -Wmissing-prototypes -Wwrite-strings -ansi -D_XOPEN_SOURCE=500 -D_BSD_SOURCE -Wcast-align -Wconversion -O2   -Wundef   conftest.cc  1>&5
configure:3848: $? = 0
configure:3851: test -s conftest
configure:3854: $? = 0
configure:3873: result: yes
configure:3885: checking whether g++ supports -Wbad-function-cast
configure:3924: rm -rf SunWS_cache; g++ -o conftest -Wundef -Wall -pedantic -W -Wpointer-arith -Wmissing-prototypes -Wwrite-strings -ansi -D_XOPEN_SOURCE=500 -D_BSD_SOURCE -Wcast-align -Wconversion -O2   -Wbad-function-cast   conftest.cc  1>&5
cc1plus: warning: ignoring command line option '-Wbad-function-cast'
configure:3927: $? = 0
configure:3930: test -s conftest
configure:3933: $? = 0
configure:3952: result: yes
configure:3964: checking whether g++ supports -Wno-long-long
configure:4003: rm -rf SunWS_cache; g++ -o conftest -Wbad-function-cast -Wundef -Wall -pedantic -W -Wpointer-arith -Wmissing-prototypes -Wwrite-strings -ansi -D_XOPEN_SOURCE=500 -D_BSD_SOURCE -Wcast-align -Wconversion -O2   -Wno-long-long   conftest.cc  1>&5
configure:4006: $? = 0
configure:4009: test -s conftest
configure:4012: $? = 0
configure:4031: result: yes
configure:4043: checking whether g++ supports -Wnon-virtual-dtor
configure:4082: rm -rf SunWS_cache; g++ -o conftest -Wno-long-long -Wbad-function-cast -Wundef -Wall -pedantic -W -Wpointer-arith -Wmissing-prototypes -Wwrite-strings -ansi -D_XOPEN_SOURCE=500 -D_BSD_SOURCE -Wcast-align -Wconversion -O2   -Wnon-virtual-dtor   conftest.cc  1>&5
configure:4085: $? = 0
configure:4088: test -s conftest
configure:4091: $? = 0
configure:4110: result: yes
configure:4130: checking whether g++ supports -fno-exceptions
configure:4169: rm -rf SunWS_cache; g++ -o conftest -Wnon-virtual-dtor -Wno-long-long -Wbad-function-cast -Wundef -Wall -pedantic -W -Wpointer-arith -Wmissing-prototypes -Wwrite-strings -ansi -D_XOPEN_SOURCE=500 -D_BSD_SOURCE -Wcast-align -Wconversion -O2   -fno-exceptions   conftest.cc  1>&5
configure:4172: $? = 0
configure:4175: test -s conftest
configure:4178: $? = 0
configure:4197: result: yes
configure:4209: checking whether g++ supports -fno-check-new
configure:4248: rm -rf SunWS_cache; g++ -o conftest -Wnon-virtual-dtor -Wno-long-long -Wbad-function-cast -Wundef -Wall -pedantic -W -Wpointer-arith -Wmissing-prototypes -Wwrite-strings -ansi -D_XOPEN_SOURCE=500 -D_BSD_SOURCE -Wcast-align -Wconversion -O2   -fno-exceptions -fno-check-new   conftest.cc  1>&5
configure:4251: $? = 0
configure:4254: test -s conftest
configure:4257: $? = 0
configure:4276: result: yes
configure:4288: checking whether g++ supports -fexceptions
configure:4327: rm -rf SunWS_cache; g++ -o conftest -Wnon-virtual-dtor -Wno-long-long -Wbad-function-cast -Wundef -Wall -pedantic -W -Wpointer-arith -Wmissing-prototypes -Wwrite-strings -ansi -D_XOPEN_SOURCE=500 -D_BSD_SOURCE -Wcast-align -Wconversion -O2   -fno-exceptions -fno-check-new -fexceptions   conftest.cc  1>&5
configure:4330: $? = 0
configure:4333: test -s conftest
configure:4336: $? = 0
configure:4355: result: yes
configure:4962: checking how to run the C++ preprocessor
configure:4984: g++ -E  conftest.cc
configure:4990: $? = 0
configure:5017: g++ -E  conftest.cc
configure:5013:28: ac_nonexistent.h: No such file or directory
configure:5023: $? = 1
configure: failed program was:
#line 5012 "configure"
#include "confdefs.h"
#include <ac_nonexistent.h>
configure:5060: result: g++ -E
configure:5075: g++ -E  conftest.cc
configure:5081: $? = 0
configure:5108: g++ -E  conftest.cc
configure:5104:28: ac_nonexistent.h: No such file or directory
configure:5114: $? = 1
configure: failed program was:
#line 5103 "configure"
#include "confdefs.h"
#include <ac_nonexistent.h>
configure:5176: checking whether g++ supports -frepo
configure:5215: rm -rf SunWS_cache; g++ -o conftest -Wnon-virtual-dtor -Wno-long-long -Wbad-function-cast -Wundef -Wall -pedantic -W -Wpointer-arith -Wmissing-prototypes -Wwrite-strings -ansi -D_XOPEN_SOURCE=500 -D_BSD_SOURCE -Wcast-align -Wconversion -O2 -fno-exceptions -fno-check-new -frepo   conftest.cc  1>&5
conftest.cc:1: warning: -frepo must be used with -c
configure:5218: $? = 0
configure:5221: test -s conftest
configure:5224: $? = 0
configure:5243: result: yes
configure:5476: checking for ld used by GCC
configure:5540: result: /usr/bin/ld
configure:5549: checking if the linker (/usr/bin/ld) is GNU ld
GNU ld version 2.13.90.0.2 20020802
configure:5561: result: yes
configure:5566: checking for /usr/bin/ld option to reload object files
configure:5573: result: -r
configure:5582: checking for BSD-compatible nm
configure:5617: result: /usr/bin/nm -B
configure:5621: checking for a sed that does not truncate output
configure:5697: result: 
configure:5700: checking whether ln -s works
configure:5704: result: yes
configure:5711: checking how to recognise dependant libraries
configure:5898: result: pass_all
configure:5968: gcc -c -ansi -W -Wall -pedantic -Wshadow -Wpointer-arith -Wmissing-prototypes -Wwrite-strings -D_XOPEN_SOURCE=500 -D_BSD_SOURCE -O2    conftest.c >&5
configure:5971: $? = 0
configure:6058: checking for ANSI C header files
configure:6072: gcc -E  conftest.c
configure:6078: $? = 0
configure:6163: gcc -o conftest -ansi -W -Wall -pedantic -Wshadow -Wpointer-arith -Wmissing-prototypes -Wwrite-strings -D_XOPEN_SOURCE=500 -D_BSD_SOURCE -O2     conftest.c  >&5
configure: In function `main':
configure:6156: warning: implicit declaration of function `exit'
configure:6166: $? = 0
configure:6168: ./conftest
configure:6171: $? = 0
configure:6185: result: yes
configure:6209: checking for sys/types.h
configure:6222: gcc -c -ansi -W -Wall -pedantic -Wshadow -Wpointer-arith -Wmissing-prototypes -Wwrite-strings -D_XOPEN_SOURCE=500 -D_BSD_SOURCE -O2    conftest.c >&5
configure:6225: $? = 0
configure:6228: test -s conftest.o
configure:6231: $? = 0
configure:6241: result: yes
configure:6209: checking for sys/stat.h
configure:6222: gcc -c -ansi -W -Wall -pedantic -Wshadow -Wpointer-arith -Wmissing-prototypes -Wwrite-strings -D_XOPEN_SOURCE=500 -D_BSD_SOURCE -O2    conftest.c >&5
configure:6225: $? = 0
configure:6228: test -s conftest.o
configure:6231: $? = 0
configure:6241: result: yes
configure:6209: checking for stdlib.h
configure:6222: gcc -c -ansi -W -Wall -pedantic -Wshadow -Wpointer-arith -Wmissing-prototypes -Wwrite-strings -D_XOPEN_SOURCE=500 -D_BSD_SOURCE -O2    conftest.c >&5
configure:6225: $? = 0
configure:6228: test -s conftest.o
configure:6231: $? = 0
configure:6241: result: yes
configure:6209: checking for string.h
configure:6222: gcc -c -ansi -W -Wall -pedantic -Wshadow -Wpointer-arith -Wmissing-prototypes -Wwrite-strings -D_XOPEN_SOURCE=500 -D_BSD_SOURCE -O2    conftest.c >&5
configure:6225: $? = 0
configure:6228: test -s conftest.o
configure:6231: $? = 0
configure:6241: result: yes
configure:6209: checking for memory.h
configure:6222: gcc -c -ansi -W -Wall -pedantic -Wshadow -Wpointer-arith -Wmissing-prototypes -Wwrite-strings -D_XOPEN_SOURCE=500 -D_BSD_SOURCE -O2    conftest.c >&5
configure:6225: $? = 0
configure:6228: test -s conftest.o
configure:6231: $? = 0
configure:6241: result: yes
configure:6209: checking for strings.h
configure:6222: gcc -c -ansi -W -Wall -pedantic -Wshadow -Wpointer-arith -Wmissing-prototypes -Wwrite-strings -D_XOPEN_SOURCE=500 -D_BSD_SOURCE -O2    conftest.c >&5
configure:6225: $? = 0
configure:6228: test -s conftest.o
configure:6231: $? = 0
configure:6241: result: yes
configure:6209: checking for inttypes.h
configure:6222: gcc -c -ansi -W -Wall -pedantic -Wshadow -Wpointer-arith -Wmissing-prototypes -Wwrite-strings -D_XOPEN_SOURCE=500 -D_BSD_SOURCE -O2    conftest.c >&5
configure:6225: $? = 0
configure:6228: test -s conftest.o
configure:6231: $? = 0
configure:6241: result: yes
configure:6209: checking for stdint.h
configure:6222: gcc -c -ansi -W -Wall -pedantic -Wshadow -Wpointer-arith -Wmissing-prototypes -Wwrite-strings -D_XOPEN_SOURCE=500 -D_BSD_SOURCE -O2    conftest.c >&5
configure:6225: $? = 0
configure:6228: test -s conftest.o
configure:6231: $? = 0
configure:6241: result: yes
configure:6209: checking for unistd.h
configure:6222: gcc -c -ansi -W -Wall -pedantic -Wshadow -Wpointer-arith -Wmissing-prototypes -Wwrite-strings -D_XOPEN_SOURCE=500 -D_BSD_SOURCE -O2    conftest.c >&5
configure:6225: $? = 0
configure:6228: test -s conftest.o
configure:6231: $? = 0
configure:6241: result: yes
configure:6267: checking dlfcn.h usability
configure:6276: gcc -c -ansi -W -Wall -pedantic -Wshadow -Wpointer-arith -Wmissing-prototypes -Wwrite-strings -D_XOPEN_SOURCE=500 -D_BSD_SOURCE -O2    conftest.c >&5
configure:6279: $? = 0
configure:6282: test -s conftest.o
configure:6285: $? = 0
configure:6294: result: yes
configure:6298: checking dlfcn.h presence
configure:6305: gcc -E  conftest.c
configure:6311: $? = 0
configure:6329: result: yes
configure:6347: checking for dlfcn.h
configure:6354: result: yes
configure:6371: checking the maximum length of command line arguments
configure:6419: result: 32768
configure:6430: checking command to parse /usr/bin/nm -B output from gcc object
configure:6515: gcc -c -ansi -W -Wall -pedantic -Wshadow -Wpointer-arith -Wmissing-prototypes -Wwrite-strings -D_XOPEN_SOURCE=500 -D_BSD_SOURCE -O2    conftest.c >&5
conftest.c:5: warning: no previous prototype for `nm_test_func'
configure:6518: $? = 0
configure:6522: /usr/bin/nm -B conftest.o \| sed -n -e 's/^.*[ 	]\([ABCDGISTW][ABCDGISTW]*\)[ 	][ 	]*\(\)\([_A-Za-z][_A-Za-z0-9]*\)$/\1 \2\3 \3/p' \> conftest.nm
configure:6525: $? = 0
configure:6577: gcc -o conftest -ansi -W -Wall -pedantic -Wshadow -Wpointer-arith -Wmissing-prototypes -Wwrite-strings -D_XOPEN_SOURCE=500 -D_BSD_SOURCE -O2     conftest.c conftstm.o >&5
configure:6580: $? = 0
configure:6618: result: ok
configure:6622: checking for objdir
configure:6637: result: .libs
configure:6727: checking for ranlib
configure:6743: found /usr/bin/ranlib
configure:6754: result: ranlib
configure:6807: checking for strip
configure:6823: found /usr/bin/strip
configure:6834: result: strip
configure:7097: checking if gcc static flag  works
conftest.c:1: warning: return type defaults to `int'
configure:7120: result: no
configure:7137: checking if gcc supports -fno-rtti -fno-exceptions
cc1: warning: ignoring command line option '-fno-rtti'
cc1: warning: (it is valid for C++ but not the selected language)
cc1: warning: ignoring command line option '-fno-rtti'
cc1: warning: (it is valid for C++ but not the selected language)
configure:7161: result: no
configure:7176: checking for gcc option to produce PIC
configure:7329: result: -fPIC
configure:7336: checking if gcc PIC flag -fPIC works
configure:7360: result: yes
configure:7384: checking if gcc supports -c -o file.o
configure:7425: result: yes
configure:7451: checking whether the gcc linker (/usr/bin/ld) supports shared libraries
configure:8236: result: yes
configure:8258: checking whether -lc should be explicitly linked in
configure:8263: gcc -c -ansi -W -Wall -pedantic -Wshadow -Wpointer-arith -Wmissing-prototypes -Wwrite-strings -D_XOPEN_SOURCE=500 -D_BSD_SOURCE -O2    conftest.c >&5
conftest.c:1: warning: `dummy' defined but not used
configure:8266: $? = 0
configure:8280: gcc -shared conftest.o  -v -Wl,-soname -Wl,conftest -o conftest 2\>\&1 \| grep  -lc  \>/dev/null 2\>\&1
configure:8283: $? = 0
configure:8295: result: no
configure:8301: checking how to hardcode library paths into programs
configure:8325: result: immediate
configure:8339: checking whether stripping libraries is possible
configure:8344: result: yes
configure:8351: checking dynamic linker characteristics
configure:8802: result: GNU/Linux ld.so
configure:9443: checking if libtool supports shared libraries
configure:9445: result: yes
configure:9448: checking whether to build shared libraries
configure:9469: result: yes
configure:9472: checking whether to build static libraries
configure:9476: result: no
configure:9555: creating libtool
configure:10280: checking whether the g++ linker (/usr/bin/ld) supports shared libraries
configure:10937: result: yes
configure:10954: g++ -c -Wnon-virtual-dtor -Wno-long-long -Wbad-function-cast -Wundef -Wall -pedantic -W -Wpointer-arith -Wmissing-prototypes -Wwrite-strings -ansi -D_XOPEN_SOURCE=500 -D_BSD_SOURCE -Wcast-align -Wconversion -O2 -fno-exceptions -fno-check-new  conftest.cc >&5
configure:10957: $? = 0
configure:11057: checking for g++ option to produce PIC
configure:11293: result: -fPIC
configure:11300: checking if g++ PIC flag -fPIC works
configure:11324: result: yes
configure:11348: checking if g++ supports -c -o file.o
configure:11389: result: yes
configure:11415: checking whether the g++ linker (/usr/bin/ld) supports shared libraries
configure:11437: result: yes
configure:11459: checking whether -lc should be explicitly linked in
configure:11464: g++ -c -Wnon-virtual-dtor -Wno-long-long -Wbad-function-cast -Wundef -Wall -pedantic -W -Wpointer-arith -Wmissing-prototypes -Wwrite-strings -ansi -D_XOPEN_SOURCE=500 -D_BSD_SOURCE -Wcast-align -Wconversion -O2 -fno-exceptions -fno-check-new  conftest.cc >&5
conftest.cc:1: warning: `int dummy' defined but not used
configure:11467: $? = 0
configure:11481: g++ -shared -nostdlib  conftest.o   -v -Wl,-soname -Wl,conftest -o conftest 2\>\&1 \| grep  -lc  \>/dev/null 2\>\&1
configure:11484: $? = 1
configure:11496: result: yes
configure:11502: checking how to hardcode library paths into programs
configure:11526: result: immediate
configure:11540: checking whether stripping libraries is possible
configure:11545: result: yes
configure:11552: checking dynamic linker characteristics
configure:12003: result: GNU/Linux ld.so
configure:13060: checking if gcj supports -fno-rtti -fno-exceptions
configure:13084: result: no
configure:13099: checking for gcj option to produce PIC
configure:13252: result: -fPIC
configure:13259: checking if gcj PIC flag -fPIC works
configure:13283: result: no
configure:13307: checking if gcj supports -c -o file.o
configure:13348: result: no
configure:13374: checking whether the gcj linker (/usr/bin/ld) supports shared libraries
configure:14159: result: yes
configure:14181: checking whether -lc should be explicitly linked in
configure:14186: gcj -c -ansi -W -Wall -pedantic -Wshadow -Wpointer-arith -Wmissing-prototypes -Wwrite-strings -D_XOPEN_SOURCE=500 -D_BSD_SOURCE -O2    conftest.java >&5
./configure: line 1: gcj: command not found
configure:14189: $? = 127
configure:14218: result: yes
configure:14224: checking how to hardcode library paths into programs
configure:14248: result: immediate
configure:14262: checking whether stripping libraries is possible
configure:14267: result: yes
configure:14274: checking dynamic linker characteristics
configure:14725: result: GNU/Linux ld.so
configure:16257: checking for extra includes
configure:16285: result: no
configure:16289: checking for extra libs
configure:16318: result: no
configure:16349: checking if maxiinit should be compiled
configure:16361: result: yes
configure:16469: creating ./config.status

## ---------------- ##
## Cache variables. ##
## ---------------- ##

ac_cv_build=i686-pc-linux-gnu
ac_cv_build_alias=i686-pc-linux-gnu
ac_cv_c_compiler_gnu=yes
ac_cv_cxx_compiler_gnu=yes
ac_cv_env_CC_set=
ac_cv_env_CC_value=
ac_cv_env_CFLAGS_set=
ac_cv_env_CFLAGS_value=
ac_cv_env_CPPFLAGS_set=
ac_cv_env_CPPFLAGS_value=
ac_cv_env_CPP_set=
ac_cv_env_CPP_value=
ac_cv_env_CXXCPP_set=
ac_cv_env_CXXCPP_value=
ac_cv_env_CXXFLAGS_set=
ac_cv_env_CXXFLAGS_value=
ac_cv_env_CXX_set=
ac_cv_env_CXX_value=
ac_cv_env_LDFLAGS_set=
ac_cv_env_LDFLAGS_value=
ac_cv_env_build_alias_set=
ac_cv_env_build_alias_value=
ac_cv_env_host_alias_set=
ac_cv_env_host_alias_value=
ac_cv_env_target_alias_set=
ac_cv_env_target_alias_value=
ac_cv_exeext=
ac_cv_header_dlfcn_h=yes
ac_cv_header_inttypes_h=yes
ac_cv_header_memory_h=yes
ac_cv_header_stdc=yes
ac_cv_header_stdint_h=yes
ac_cv_header_stdlib_h=yes
ac_cv_header_string_h=yes
ac_cv_header_strings_h=yes
ac_cv_header_sys_stat_h=yes
ac_cv_header_sys_types_h=yes
ac_cv_header_unistd_h=yes
ac_cv_host=i686-pc-linux-gnu
ac_cv_host_alias=i686-pc-linux-gnu
ac_cv_objext=o
ac_cv_path_install='/usr/bin/install -c'
ac_cv_prog_AWK=gawk
ac_cv_prog_CPP='gcc -E'
ac_cv_prog_CXXCPP='g++ -E'
ac_cv_prog_ac_ct_CC=gcc
ac_cv_prog_ac_ct_CXX=g++
ac_cv_prog_ac_ct_RANLIB=ranlib
ac_cv_prog_ac_ct_STRIP=strip
ac_cv_prog_cc_g=yes
ac_cv_prog_cxx_g=yes
ac_cv_prog_make_make_set=yes
ac_cv_target=i686-pc-linux-gnu
ac_cv_target_alias=i686-pc-linux-gnu
am_cv_CC_dependencies_compiler_type=gcc3
am_cv_CXX_dependencies_compiler_type=gcc3
kde_cv_prog_cxx_Wbad_function_cast=yes
kde_cv_prog_cxx_Wno_long_long=yes
kde_cv_prog_cxx_Wnon_virtual_dtor=yes
kde_cv_prog_cxx_Wundef=yes
kde_cv_prog_cxx_fexceptions=yes
kde_cv_prog_cxx_fno_check_new=yes
kde_cv_prog_cxx_fno_exceptions=yes
kde_cv_prog_cxx_frepo=yes
lt_cv_deplibs_check_method=pass_all
lt_cv_file_magic_cmd='$MAGIC_CMD'
lt_cv_file_magic_test_file='/lib/libc.so.6 /lib/libc-2.3.2.so'
lt_cv_ld_reload_flag=-r
lt_cv_objdir=.libs
lt_cv_path_LD=/usr/bin/ld
lt_cv_path_NM='/usr/bin/nm -B'
lt_cv_path_SED=/bin/sed
lt_cv_prog_compiler_c_o=yes
lt_cv_prog_compiler_c_o_CXX=yes
lt_cv_prog_compiler_c_o_GCJ=no
lt_cv_prog_compiler_rtti_exceptions=no
lt_cv_prog_gnu_ld=yes
lt_cv_sys_global_symbol_pipe='sed -n -e '\''s/^.*[ 	]\([ABCDGISTW][ABCDGISTW]*\)[ 	][ 	]*\(\)\([_A-Za-z][_A-Za-z0-9]*\)$/\1 \2\3 \3/p'\'''
lt_cv_sys_global_symbol_to_c_name_address='sed -n -e '\''s/^: \([^ ]*\) $/  {\"\1\", (lt_ptr) 0},/p'\'' -e '\''s/^[BCDEGRST] \([^ ]*\) \([^ ]*\)$/  {"\2", (lt_ptr) \&\2},/p'\'''
lt_cv_sys_global_symbol_to_cdecl='sed -n -e '\''s/^. .* \(.*\)$/extern int \1;/p'\'''
lt_cv_sys_max_cmd_len=32768
lt_lt_cv_prog_compiler_c_o='"yes"'
lt_lt_cv_prog_compiler_c_o_CXX='"yes"'
lt_lt_cv_prog_compiler_c_o_GCJ='"no"'
lt_lt_cv_sys_global_symbol_pipe='"sed -n -e '\''s/^.*[ 	]\\([ABCDGISTW][ABCDGISTW]*\\)[ 	][ 	]*\\(\\)\\([_A-Za-z][_A-Za-z0-9]*\\)\$/\\1 \\2\\3 \\3/p'\''"'
lt_lt_cv_sys_global_symbol_to_c_name_address='"sed -n -e '\''s/^: \\([^ ]*\\) \$/  {\\\"\\1\\\", (lt_ptr) 0},/p'\'' -e '\''s/^[BCDEGRST] \\([^ ]*\\) \\([^ ]*\\)\$/  {\"\\2\", (lt_ptr) \\&\\2},/p'\''"'
lt_lt_cv_sys_global_symbol_to_cdecl='"sed -n -e '\''s/^. .* \\(.*\\)\$/extern int \\1;/p'\''"'

## ----------- ##
## confdefs.h. ##
## ----------- ##

#define PACKAGE_NAME ""
#define PACKAGE_TARNAME ""
#define PACKAGE_VERSION ""
#define PACKAGE_STRING ""
#define PACKAGE_BUGREPORT ""
#define PACKAGE "maxiinit"
#define VERSION "0.2.1"
#ifdef __cplusplus
#include <stdlib.h>
#endif
#define HAVE_TEMPLATE_REPOSITORY 1
#define STDC_HEADERS 1
#define HAVE_SYS_TYPES_H 1
#define HAVE_SYS_STAT_H 1
#define HAVE_STDLIB_H 1
#define HAVE_STRING_H 1
#define HAVE_MEMORY_H 1
#define HAVE_STRINGS_H 1
#define HAVE_INTTYPES_H 1
#define HAVE_STDINT_H 1
#define HAVE_UNISTD_H 1
#define HAVE_DLFCN_H 1

configure: exit 0

## ---------------------- ##
## Running config.status. ##
## ---------------------- ##

This file was extended by config.status, which was
generated by GNU Autoconf 2.53.  Invocation command line was

  CONFIG_FILES    = 
  CONFIG_HEADERS  = 
  CONFIG_LINKS    = 
  CONFIG_COMMANDS = 
  $ ./config.status Makefile

on ox

config.status:643: creating Makefile

## ---------------------- ##
## Running config.status. ##
## ---------------------- ##

This file was extended by config.status, which was
generated by GNU Autoconf 2.53.  Invocation command line was

  CONFIG_FILES    = 
  CONFIG_HEADERS  = 
  CONFIG_LINKS    = 
  CONFIG_COMMANDS = 
  $ ./config.status config.h

on ox

config.status:747: creating config.h

## ---------------------- ##
## Running config.status. ##
## ---------------------- ##

This file was extended by config.status, which was
generated by GNU Autoconf 2.53.  Invocation command line was

  CONFIG_FILES    = 
  CONFIG_HEADERS  = 
  CONFIG_LINKS    = 
  CONFIG_COMMANDS = 
  $ ./config.status maxiinit/Makefile depfiles

on ox

config.status:643: creating maxiinit/Makefile
config.status:957: executing depfiles commands

## ---------------------- ##
## Running config.status. ##
## ---------------------- ##

This file was extended by config.status, which was
generated by GNU Autoconf 2.53.  Invocation command line was

  CONFIG_FILES    = 
  CONFIG_HEADERS  = 
  CONFIG_LINKS    = 
  CONFIG_COMMANDS = 
  $ ./config.status maxiinit/docs/Makefile

on ox

config.status:643: creating maxiinit/docs/Makefile

## ---------------------- ##
## Running config.status. ##
## ---------------------- ##

This file was extended by config.status, which was
generated by GNU Autoconf 2.53.  Invocation command line was

  CONFIG_FILES    = 
  CONFIG_HEADERS  = 
  CONFIG_LINKS    = 
  CONFIG_COMMANDS = 
  $ ./config.status maxiinit/docs/en/Makefile

on ox

config.status:643: creating maxiinit/docs/en/Makefile

## ---------------------- ##
## Running config.status. ##
## ---------------------- ##

This file was extended by config.status, which was
generated by GNU Autoconf 2.53.  Invocation command line was

  CONFIG_FILES    = 
  CONFIG_HEADERS  = 
  CONFIG_LINKS    = 
  CONFIG_COMMANDS = 
  $ ./config.status Makefile

on ox

config.status:643: creating Makefile
